=========================================
构建开始: 2025-10-06 00:03:15
内核版本: 5.15
版本号: unknown
编译模式: balanced
初始温度: 51°C
编译任务数: auto
=========================================
构建开始: 2025-10-06 00:07:52
内核版本: 5.15
版本号: unknown
编译模式: balanced
初始温度: 53°C
编译任务数: auto
=========================================
构建开始: 2025-10-06 00:31:34
内核版本: 5.15
版本号: unknown
编译模式: balanced
初始温度: 55°C
编译任务数: auto
=========================================
构建开始: 2025-10-06 00:35:24
内核版本: 6.1
版本号: unknown
编译模式: balanced
初始温度: 54°C
编译任务数: auto
=========================================
构建开始: 2025-10-06 00:35:44
内核版本: 6.1
版本号: unknown
编译模式: balanced
初始温度: 53°C
编译任务数: auto
=========================================
构建开始: 2025-10-06 00:36:34
内核版本: 6.1
版本号: unknown
编译模式: balanced
初始温度: 53°C
编译任务数: auto
=========================================
构建开始: 2025-10-06 10:02:14
内核版本: 6.1./build_all.sh
版本号: unknown
编译模式: balanced
初始温度: 52°C
编译任务数: auto
=========================================
构建开始: 2025-10-06 10:02:15
内核版本: 5.15
版本号: unknown
编译模式: balanced
初始温度: 52°C
编译任务数: auto
=========================================
构建开始: 2025-10-06 10:03:04
内核版本: 5.15
版本号: unknown
编译模式: balanced
初始温度: 54°C
编译任务数: auto
=========================================
构建开始: 2025-10-06 10:05:00
内核版本: 5.15
版本号: unknown
编译模式: balanced
初始温度: 55°C
编译任务数: auto
=========================================
构建开始: 2025-10-06 10:06:24
内核版本: 5.15
版本号: unknown
编译模式: balanced
初始温度: 52°C
编译任务数: auto
=========================================
构建开始: 2025-10-06 10:07:24
内核版本: 5.15
版本号: unknown
编译模式: balanced
初始温度: 58°C
编译任务数: auto
=========================================
构建开始: 2025-10-06 10:09:50
内核版本: 5.15
版本号: unknown
编译模式: balanced
初始温度: 57°C
编译任务数: auto
